The system is: Linux - 6.3.5-un-def-alt1 - x86_64
Compiling the C compiler identification source file "CMakeCCompilerId.c" succeeded.
Compiler: /usr/bin/gcc 
Build flags: 
Id flags:  

The output was:
0


Compilation of the C compiler identification source "CMakeCCompilerId.c" produced "a.out"

The C compiler identification is GNU, found in "/home/armatik/CLionProjects/Armatik_Learning_Cplusplus/cmake-build-release/CMakeFiles/3.25.2/CompilerIdC/a.out"

Compiling the CXX compiler identification source file "CMakeCXXCompilerId.cpp" succeeded.
Compiler: /usr/bin/g++ 
Build flags: 
Id flags:  

The output was:
0


Compilation of the CXX compiler identification source "CMakeCXXCompilerId.cpp" produced "a.out"

The CXX compiler identification is GNU, found in "/home/armatik/CLionProjects/Armatik_Learning_Cplusplus/cmake-build-release/CMakeFiles/3.25.2/CompilerIdCXX/a.out"

Detecting C compiler ABI info compiled with the following output:
Change Dir: /home/armatik/CLionProjects/Armatik_Learning_Cplusplus/cmake-build-release/CMakeFiles/CMakeScratch/TryCompile-HDQOY8

Run Build Command(s):/usr/bin/gmake -f Makefile cmTC_a88c0/fast && /usr/bin/gmake  -f CMakeFiles/cmTC_a88c0.dir/build.make CMakeFiles/cmTC_a88c0.dir/build
gmake[1]: Entering directory '/home/armatik/CLionProjects/Armatik_Learning_Cplusplus/cmake-build-release/CMakeFiles/CMakeScratch/TryCompile-HDQOY8'
Building C object CMakeFiles/cmTC_a88c0.dir/CMakeCCompilerABI.c.o
/usr/bin/gcc   -fdiagnostics-color=always   -v -o CMakeFiles/cmTC_a88c0.dir/CMakeCCompilerABI.c.o -c /home/armatik/.local/share/JetBrains/Toolbox/apps/CLion/ch-0/231.9011.31/bin/cmake/linux/x64/share/cmake-3.25/Modules/CMakeCCompilerABI.c
Using built-in specs.
COLLECT_GCC=x86_64-alt-linux-gcc
Target: x86_64-alt-linux
Configured with: ../configure --host=x86_64-alt-linux --build=x86_64-alt-linux --target=x86_64-alt-linux --prefix=/usr --exec-prefix=/usr --bindir=/usr/bin --sbindir=/usr/sbin --sysconfdir=/etc --datadir=/usr/share --includedir=/usr/include --libdir=/usr/lib64 --libexecdir=/usr/libexec --localstatedir=/var/lib --sharedstatedir=/var/lib --mandir=/usr/share/man --infodir=/usr/share/info --disable-dependency-tracking --disable-silent-rules --without-included-gettext --enable-shared --program-suffix=-12 --with-slibdir=/lib64 --libexecdir=/usr/lib64 --with-bugurl=http://bugzilla.altlinux.org --enable-__cxa_atexit --enable-threads=posix --enable-checking=release --with-system-zlib --with-zstd --without-included-gettext --enable-multilib --enable-default-pie --enable-gnu-unique-object --enable-linker-build-id --with-linker-hash-style=gnu --with-arch_32=i586 --with-tune_32=generic --with-multilib-list=m64,m32,mx32 --with-gcc-major-version-only --enable-vtable-verify --enable-bootstrap --with-build-config=bootstrap-lto --enable-link-serialization=1 --enable-languages=c,c++,fortran,objc,obj-c++,ada,go,d,lto --enable-plugin
Thread model: posix
Supported LTO compression algorithms: zlib zstd
gcc version 12.2.1 20230424 (ALT Sisyphus 12.2.1-alt2) (GCC) 
COLLECT_GCC_OPTIONS='-fdiagnostics-color=always' '-v' '-o' 'CMakeFiles/cmTC_a88c0.dir/CMakeCCompilerABI.c.o' '-c' '-mtune=generic' '-march=x86-64' '-dumpdir' 'CMakeFiles/cmTC_a88c0.dir/'
 /usr/lib64/gcc/x86_64-alt-linux/12/cc1 -quiet -v /home/armatik/.local/share/JetBrains/Toolbox/apps/CLion/ch-0/231.9011.31/bin/cmake/linux/x64/share/cmake-3.25/Modules/CMakeCCompilerABI.c -fstack-protector-strong -fstack-clash-protection -quiet -dumpdir CMakeFiles/cmTC_a88c0.dir/ -dumpbase CMakeCCompilerABI.c.c -dumpbase-ext .c -mtune=generic -march=x86-64 -version -fdiagnostics-color=always -o /tmp/.private/armatik/cc0iC4cO.s
GNU C17 (GCC) version 12.2.1 20230424 (ALT Sisyphus 12.2.1-alt2) (x86_64-alt-linux)
	compiled by GNU C version 12.2.1 20230424 (ALT Sisyphus 12.2.1-alt2), GMP version 6.2.1, MPFR version 4.1.0, MPC version 1.2.1, isl version none
GGC heuristics: --param ggc-min-expand=100 --param ggc-min-heapsize=131072
ignoring nonexistent directory "/usr/lib64/gcc/x86_64-alt-linux/12/include-fixed"
ignoring nonexistent directory "/usr/lib64/gcc/x86_64-alt-linux/12/../../../../x86_64-alt-linux/include"
#include "..." search starts here:
#include <...> search starts here:
 /usr/lib64/gcc/x86_64-alt-linux/12/include
 /usr/local/include
 /usr/include
End of search list.
GNU C17 (GCC) version 12.2.1 20230424 (ALT Sisyphus 12.2.1-alt2) (x86_64-alt-linux)
	compiled by GNU C version 12.2.1 20230424 (ALT Sisyphus 12.2.1-alt2), GMP version 6.2.1, MPFR version 4.1.0, MPC version 1.2.1, isl version none
GGC heuristics: --param ggc-min-expand=100 --param ggc-min-heapsize=131072
Compiler executable checksum: 6bd5fac7b4f4888599b3f8441820271d
COLLECT_GCC_OPTIONS='-fdiagnostics-color=always' '-v' '-o' 'CMakeFiles/cmTC_a88c0.dir/CMakeCCompilerABI.c.o' '-c' '-mtune=generic' '-march=x86-64' '-dumpdir' 'CMakeFiles/cmTC_a88c0.dir/'
 as -v --64 -o CMakeFiles/cmTC_a88c0.dir/CMakeCCompilerABI.c.o /tmp/.private/armatik/cc0iC4cO.s
GNU assembler version 2.38 (x86_64-alt-linux) using BFD version (GNU Binutils) 2.38.20220708
COMPILER_PATH=/usr/lib64/gcc/x86_64-alt-linux/12/:/usr/lib64/gcc/x86_64-alt-linux/12/:/usr/lib64/gcc/x86_64-alt-linux/:/usr/lib64/gcc/x86_64-alt-linux/12/:/usr/lib64/gcc/x86_64-alt-linux/
LIBRARY_PATH=/usr/lib64/gcc/x86_64-alt-linux/12/:/usr/lib64/gcc/x86_64-alt-linux/12/../../../../lib64/:/lib/../lib64/:/usr/lib/../lib64/:/usr/lib64/gcc/x86_64-alt-linux/12/../../../:/lib/:/usr/lib/
COLLECT_GCC_OPTIONS='-fdiagnostics-color=always' '-v' '-o' 'CMakeFiles/cmTC_a88c0.dir/CMakeCCompilerABI.c.o' '-c' '-mtune=generic' '-march=x86-64' '-dumpdir' 'CMakeFiles/cmTC_a88c0.dir/CMakeCCompilerABI.c.'
Linking C executable cmTC_a88c0
/home/armatik/.local/share/JetBrains/Toolbox/apps/CLion/ch-0/231.9011.31/bin/cmake/linux/x64/bin/cmake -E cmake_link_script CMakeFiles/cmTC_a88c0.dir/link.txt --verbose=1
/usr/bin/gcc  -v CMakeFiles/cmTC_a88c0.dir/CMakeCCompilerABI.c.o -o cmTC_a88c0 
Using built-in specs.
COLLECT_GCC=x86_64-alt-linux-gcc
COLLECT_LTO_WRAPPER=/usr/lib64/gcc/x86_64-alt-linux/12/lto-wrapper
Target: x86_64-alt-linux
Configured with: ../configure --host=x86_64-alt-linux --build=x86_64-alt-linux --target=x86_64-alt-linux --prefix=/usr --exec-prefix=/usr --bindir=/usr/bin --sbindir=/usr/sbin --sysconfdir=/etc --datadir=/usr/share --includedir=/usr/include --libdir=/usr/lib64 --libexecdir=/usr/libexec --localstatedir=/var/lib --sharedstatedir=/var/lib --mandir=/usr/share/man --infodir=/usr/share/info --disable-dependency-tracking --disable-silent-rules --without-included-gettext --enable-shared --program-suffix=-12 --with-slibdir=/lib64 --libexecdir=/usr/lib64 --with-bugurl=http://bugzilla.altlinux.org --enable-__cxa_atexit --enable-threads=posix --enable-checking=release --with-system-zlib --with-zstd --without-included-gettext --enable-multilib --enable-default-pie --enable-gnu-unique-object --enable-linker-build-id --with-linker-hash-style=gnu --with-arch_32=i586 --with-tune_32=generic --with-multilib-list=m64,m32,mx32 --with-gcc-major-version-only --enable-vtable-verify --enable-bootstrap --with-build-config=bootstrap-lto --enable-link-serialization=1 --enable-languages=c,c++,fortran,objc,obj-c++,ada,go,d,lto --enable-plugin
Thread model: posix
Supported LTO compression algorithms: zlib zstd
gcc version 12.2.1 20230424 (ALT Sisyphus 12.2.1-alt2) (GCC) 
COMPILER_PATH=/usr/lib64/gcc/x86_64-alt-linux/12/:/usr/lib64/gcc/x86_64-alt-linux/12/:/usr/lib64/gcc/x86_64-alt-linux/:/usr/lib64/gcc/x86_64-alt-linux/12/:/usr/lib64/gcc/x86_64-alt-linux/
LIBRARY_PATH=/usr/lib64/gcc/x86_64-alt-linux/12/:/usr/lib64/gcc/x86_64-alt-linux/12/../../../../lib64/:/lib/../lib64/:/usr/lib/../lib64/:/usr/lib64/gcc/x86_64-alt-linux/12/../../../:/lib/:/usr/lib/
COLLECT_GCC_OPTIONS='-v' '-o' 'cmTC_a88c0' '-mtune=generic' '-march=x86-64' '-dumpdir' 'cmTC_a88c0.'
 /usr/lib64/gcc/x86_64-alt-linux/12/collect2 -plugin /usr/lib64/gcc/x86_64-alt-linux/12/liblto_plugin.so -plugin-opt=/usr/lib64/gcc/x86_64-alt-linux/12/lto-wrapper -plugin-opt=-fresolution=/tmp/.private/armatik/ccaHxTnp.res -plugin-opt=-pass-through=-lgcc -plugin-opt=-pass-through=-lgcc_s -plugin-opt=-pass-through=-lc -plugin-opt=-pass-through=-lgcc -plugin-opt=-pass-through=-lgcc_s --build-id --no-add-needed --eh-frame-hdr --hash-style=gnu --as-needed -m elf_x86_64 -dynamic-linker /lib64/ld-linux-x86-64.so.2 -pie -z now -o cmTC_a88c0 /usr/lib64/gcc/x86_64-alt-linux/12/../../../../lib64/Scrt1.o /usr/lib64/gcc/x86_64-alt-linux/12/../../../../lib64/crti.o /usr/lib64/gcc/x86_64-alt-linux/12/crtbeginS.o -L/usr/lib64/gcc/x86_64-alt-linux/12 -L/usr/lib64/gcc/x86_64-alt-linux/12/../../../../lib64 -L/lib/../lib64 -L/usr/lib/../lib64 -L/usr/lib64/gcc/x86_64-alt-linux/12/../../.. CMakeFiles/cmTC_a88c0.dir/CMakeCCompilerABI.c.o -lgcc --push-state --as-needed -lgcc_s --pop-state -lc -lgcc --push-state --as-needed -lgcc_s --pop-state /usr/lib64/gcc/x86_64-alt-linux/12/crtendS.o /usr/lib64/gcc/x86_64-alt-linux/12/../../../../lib64/crtn.o
COLLECT_GCC_OPTIONS='-v' '-o' 'cmTC_a88c0' '-mtune=generic' '-march=x86-64' '-dumpdir' 'cmTC_a88c0.'
gmake[1]: Leaving directory '/home/armatik/CLionProjects/Armatik_Learning_Cplusplus/cmake-build-release/CMakeFiles/CMakeScratch/TryCompile-HDQOY8'



Parsed C implicit include dir info from above output: rv=done
  found start of include info
  found start of implicit include info
    add: [/usr/lib64/gcc/x86_64-alt-linux/12/include]
    add: [/usr/local/include]
    add: [/usr/include]
  end of search list found
  collapse include dir [/usr/lib64/gcc/x86_64-alt-linux/12/include] ==> [/usr/lib64/gcc/x86_64-alt-linux/12/include]
  collapse include dir [/usr/local/include] ==> [/usr/local/include]
  collapse include dir [/usr/include] ==> [/usr/include]
  implicit include dirs: [/usr/lib64/gcc/x86_64-alt-linux/12/include;/usr/local/include;/usr/include]


Parsed C implicit link information from above output:
  link line regex: [^( *|.*[/\])(ld|CMAKE_LINK_STARTFILE-NOTFOUND|([^/\]+-)?ld|collect2)[^/\]*( |$)]
  ignore line: [Change Dir: /home/armatik/CLionProjects/Armatik_Learning_Cplusplus/cmake-build-release/CMakeFiles/CMakeScratch/TryCompile-HDQOY8]
  ignore line: []
  ignore line: [Run Build Command(s):/usr/bin/gmake -f Makefile cmTC_a88c0/fast && /usr/bin/gmake  -f CMakeFiles/cmTC_a88c0.dir/build.make CMakeFiles/cmTC_a88c0.dir/build]
  ignore line: [gmake[1]: Entering directory '/home/armatik/CLionProjects/Armatik_Learning_Cplusplus/cmake-build-release/CMakeFiles/CMakeScratch/TryCompile-HDQOY8']
  ignore line: [Building C object CMakeFiles/cmTC_a88c0.dir/CMakeCCompilerABI.c.o]
  ignore line: [/usr/bin/gcc   -fdiagnostics-color=always   -v -o CMakeFiles/cmTC_a88c0.dir/CMakeCCompilerABI.c.o -c /home/armatik/.local/share/JetBrains/Toolbox/apps/CLion/ch-0/231.9011.31/bin/cmake/linux/x64/share/cmake-3.25/Modules/CMakeCCompilerABI.c]
  ignore line: [Using built-in specs.]
  ignore line: [COLLECT_GCC=x86_64-alt-linux-gcc]
  ignore line: [Target: x86_64-alt-linux]
  ignore line: [Configured with: ../configure --host=x86_64-alt-linux --build=x86_64-alt-linux --target=x86_64-alt-linux --prefix=/usr --exec-prefix=/usr --bindir=/usr/bin --sbindir=/usr/sbin --sysconfdir=/etc --datadir=/usr/share --includedir=/usr/include --libdir=/usr/lib64 --libexecdir=/usr/libexec --localstatedir=/var/lib --sharedstatedir=/var/lib --mandir=/usr/share/man --infodir=/usr/share/info --disable-dependency-tracking --disable-silent-rules --without-included-gettext --enable-shared --program-suffix=-12 --with-slibdir=/lib64 --libexecdir=/usr/lib64 --with-bugurl=http://bugzilla.altlinux.org --enable-__cxa_atexit --enable-threads=posix --enable-checking=release --with-system-zlib --with-zstd --without-included-gettext --enable-multilib --enable-default-pie --enable-gnu-unique-object --enable-linker-build-id --with-linker-hash-style=gnu --with-arch_32=i586 --with-tune_32=generic --with-multilib-list=m64 m32 mx32 --with-gcc-major-version-only --enable-vtable-verify --enable-bootstrap --with-build-config=bootstrap-lto --enable-link-serialization=1 --enable-languages=c c++ fortran objc obj-c++ ada go d lto --enable-plugin]
  ignore line: [Thread model: posix]
  ignore line: [Supported LTO compression algorithms: zlib zstd]
  ignore line: [gcc version 12.2.1 20230424 (ALT Sisyphus 12.2.1-alt2) (GCC) ]
  ignore line: [COLLECT_GCC_OPTIONS='-fdiagnostics-color=always' '-v' '-o' 'CMakeFiles/cmTC_a88c0.dir/CMakeCCompilerABI.c.o' '-c' '-mtune=generic' '-march=x86-64' '-dumpdir' 'CMakeFiles/cmTC_a88c0.dir/']
  ignore line: [ /usr/lib64/gcc/x86_64-alt-linux/12/cc1 -quiet -v /home/armatik/.local/share/JetBrains/Toolbox/apps/CLion/ch-0/231.9011.31/bin/cmake/linux/x64/share/cmake-3.25/Modules/CMakeCCompilerABI.c -fstack-protector-strong -fstack-clash-protection -quiet -dumpdir CMakeFiles/cmTC_a88c0.dir/ -dumpbase CMakeCCompilerABI.c.c -dumpbase-ext .c -mtune=generic -march=x86-64 -version -fdiagnostics-color=always -o /tmp/.private/armatik/cc0iC4cO.s]
  ignore line: [GNU C17 (GCC) version 12.2.1 20230424 (ALT Sisyphus 12.2.1-alt2) (x86_64-alt-linux)]
  ignore line: [	compiled by GNU C version 12.2.1 20230424 (ALT Sisyphus 12.2.1-alt2)  GMP version 6.2.1  MPFR version 4.1.0  MPC version 1.2.1  isl version none]
  ignore line: [GGC heuristics: --param ggc-min-expand=100 --param ggc-min-heapsize=131072]
  ignore line: [ignoring nonexistent directory "/usr/lib64/gcc/x86_64-alt-linux/12/include-fixed"]
  ignore line: [ignoring nonexistent directory "/usr/lib64/gcc/x86_64-alt-linux/12/../../../../x86_64-alt-linux/include"]
  ignore line: [#include "..." search starts here:]
  ignore line: [#include <...> search starts here:]
  ignore line: [ /usr/lib64/gcc/x86_64-alt-linux/12/include]
  ignore line: [ /usr/local/include]
  ignore line: [ /usr/include]
  ignore line: [End of search list.]
  ignore line: [GNU C17 (GCC) version 12.2.1 20230424 (ALT Sisyphus 12.2.1-alt2) (x86_64-alt-linux)]
  ignore line: [	compiled by GNU C version 12.2.1 20230424 (ALT Sisyphus 12.2.1-alt2)  GMP version 6.2.1  MPFR version 4.1.0  MPC version 1.2.1  isl version none]
  ignore line: [GGC heuristics: --param ggc-min-expand=100 --param ggc-min-heapsize=131072]
  ignore line: [Compiler executable checksum: 6bd5fac7b4f4888599b3f8441820271d]
  ignore line: [COLLECT_GCC_OPTIONS='-fdiagnostics-color=always' '-v' '-o' 'CMakeFiles/cmTC_a88c0.dir/CMakeCCompilerABI.c.o' '-c' '-mtune=generic' '-march=x86-64' '-dumpdir' 'CMakeFiles/cmTC_a88c0.dir/']
  ignore line: [ as -v --64 -o CMakeFiles/cmTC_a88c0.dir/CMakeCCompilerABI.c.o /tmp/.private/armatik/cc0iC4cO.s]
  ignore line: [GNU assembler version 2.38 (x86_64-alt-linux) using BFD version (GNU Binutils) 2.38.20220708]
  ignore line: [COMPILER_PATH=/usr/lib64/gcc/x86_64-alt-linux/12/:/usr/lib64/gcc/x86_64-alt-linux/12/:/usr/lib64/gcc/x86_64-alt-linux/:/usr/lib64/gcc/x86_64-alt-linux/12/:/usr/lib64/gcc/x86_64-alt-linux/]
  ignore line: [LIBRARY_PATH=/usr/lib64/gcc/x86_64-alt-linux/12/:/usr/lib64/gcc/x86_64-alt-linux/12/../../../../lib64/:/lib/../lib64/:/usr/lib/../lib64/:/usr/lib64/gcc/x86_64-alt-linux/12/../../../:/lib/:/usr/lib/]
  ignore line: [COLLECT_GCC_OPTIONS='-fdiagnostics-color=always' '-v' '-o' 'CMakeFiles/cmTC_a88c0.dir/CMakeCCompilerABI.c.o' '-c' '-mtune=generic' '-march=x86-64' '-dumpdir' 'CMakeFiles/cmTC_a88c0.dir/CMakeCCompilerABI.c.']
  ignore line: [Linking C executable cmTC_a88c0]
  ignore line: [/home/armatik/.local/share/JetBrains/Toolbox/apps/CLion/ch-0/231.9011.31/bin/cmake/linux/x64/bin/cmake -E cmake_link_script CMakeFiles/cmTC_a88c0.dir/link.txt --verbose=1]
  ignore line: [/usr/bin/gcc  -v CMakeFiles/cmTC_a88c0.dir/CMakeCCompilerABI.c.o -o cmTC_a88c0 ]
  ignore line: [Using built-in specs.]
  ignore line: [COLLECT_GCC=x86_64-alt-linux-gcc]
  ignore line: [COLLECT_LTO_WRAPPER=/usr/lib64/gcc/x86_64-alt-linux/12/lto-wrapper]
  ignore line: [Target: x86_64-alt-linux]
  ignore line: [Configured with: ../configure --host=x86_64-alt-linux --build=x86_64-alt-linux --target=x86_64-alt-linux --prefix=/usr --exec-prefix=/usr --bindir=/usr/bin --sbindir=/usr/sbin --sysconfdir=/etc --datadir=/usr/share --includedir=/usr/include --libdir=/usr/lib64 --libexecdir=/usr/libexec --localstatedir=/var/lib --sharedstatedir=/var/lib --mandir=/usr/share/man --infodir=/usr/share/info --disable-dependency-tracking --disable-silent-rules --without-included-gettext --enable-shared --program-suffix=-12 --with-slibdir=/lib64 --libexecdir=/usr/lib64 --with-bugurl=http://bugzilla.altlinux.org --enable-__cxa_atexit --enable-threads=posix --enable-checking=release --with-system-zlib --with-zstd --without-included-gettext --enable-multilib --enable-default-pie --enable-gnu-unique-object --enable-linker-build-id --with-linker-hash-style=gnu --with-arch_32=i586 --with-tune_32=generic --with-multilib-list=m64 m32 mx32 --with-gcc-major-version-only --enable-vtable-verify --enable-bootstrap --with-build-config=bootstrap-lto --enable-link-serialization=1 --enable-languages=c c++ fortran objc obj-c++ ada go d lto --enable-plugin]
  ignore line: [Thread model: posix]
  ignore line: [Supported LTO compression algorithms: zlib zstd]
  ignore line: [gcc version 12.2.1 20230424 (ALT Sisyphus 12.2.1-alt2) (GCC) ]
  ignore line: [COMPILER_PATH=/usr/lib64/gcc/x86_64-alt-linux/12/:/usr/lib64/gcc/x86_64-alt-linux/12/:/usr/lib64/gcc/x86_64-alt-linux/:/usr/lib64/gcc/x86_64-alt-linux/12/:/usr/lib64/gcc/x86_64-alt-linux/]
  ignore line: [LIBRARY_PATH=/usr/lib64/gcc/x86_64-alt-linux/12/:/usr/lib64/gcc/x86_64-alt-linux/12/../../../../lib64/:/lib/../lib64/:/usr/lib/../lib64/:/usr/lib64/gcc/x86_64-alt-linux/12/../../../:/lib/:/usr/lib/]
  ignore line: [COLLECT_GCC_OPTIONS='-v' '-o' 'cmTC_a88c0' '-mtune=generic' '-march=x86-64' '-dumpdir' 'cmTC_a88c0.']
  link line: [ /usr/lib64/gcc/x86_64-alt-linux/12/collect2 -plugin /usr/lib64/gcc/x86_64-alt-linux/12/liblto_plugin.so -plugin-opt=/usr/lib64/gcc/x86_64-alt-linux/12/lto-wrapper -plugin-opt=-fresolution=/tmp/.private/armatik/ccaHxTnp.res -plugin-opt=-pass-through=-lgcc -plugin-opt=-pass-through=-lgcc_s -plugin-opt=-pass-through=-lc -plugin-opt=-pass-through=-lgcc -plugin-opt=-pass-through=-lgcc_s --build-id --no-add-needed --eh-frame-hdr --hash-style=gnu --as-needed -m elf_x86_64 -dynamic-linker /lib64/ld-linux-x86-64.so.2 -pie -z now -o cmTC_a88c0 /usr/lib64/gcc/x86_64-alt-linux/12/../../../../lib64/Scrt1.o /usr/lib64/gcc/x86_64-alt-linux/12/../../../../lib64/crti.o /usr/lib64/gcc/x86_64-alt-linux/12/crtbeginS.o -L/usr/lib64/gcc/x86_64-alt-linux/12 -L/usr/lib64/gcc/x86_64-alt-linux/12/../../../../lib64 -L/lib/../lib64 -L/usr/lib/../lib64 -L/usr/lib64/gcc/x86_64-alt-linux/12/../../.. CMakeFiles/cmTC_a88c0.dir/CMakeCCompilerABI.c.o -lgcc --push-state --as-needed -lgcc_s --pop-state -lc -lgcc --push-state --as-needed -lgcc_s --pop-state /usr/lib64/gcc/x86_64-alt-linux/12/crtendS.o /usr/lib64/gcc/x86_64-alt-linux/12/../../../../lib64/crtn.o]
    arg [/usr/lib64/gcc/x86_64-alt-linux/12/collect2] ==> ignore
    arg [-plugin] ==> ignore
    arg [/usr/lib64/gcc/x86_64-alt-linux/12/liblto_plugin.so] ==> ignore
    arg [-plugin-opt=/usr/lib64/gcc/x86_64-alt-linux/12/lto-wrapper] ==> ignore
    arg [-plugin-opt=-fresolution=/tmp/.private/armatik/ccaHxTnp.res] ==> ignore
    arg [-plugin-opt=-pass-through=-lgcc] ==> ignore
    arg [-plugin-opt=-pass-through=-lgcc_s] ==> ignore
    arg [-plugin-opt=-pass-through=-lc] ==> ignore
    arg [-plugin-opt=-pass-through=-lgcc] ==> ignore
    arg [-plugin-opt=-pass-through=-lgcc_s] ==> ignore
    arg [--build-id] ==> ignore
    arg [--no-add-needed] ==> ignore
    arg [--eh-frame-hdr] ==> ignore
    arg [--hash-style=gnu] ==> ignore
    arg [--as-needed] ==> ignore
    arg [-m] ==> ignore
    arg [elf_x86_64] ==> ignore
    arg [-dynamic-linker] ==> ignore
    arg [/lib64/ld-linux-x86-64.so.2] ==> ignore
    arg [-pie] ==> ignore
    arg [-znow] ==> ignore
    arg [-o] ==> ignore
    arg [cmTC_a88c0] ==> ignore
    arg [/usr/lib64/gcc/x86_64-alt-linux/12/../../../../lib64/Scrt1.o] ==> obj [/usr/lib64/gcc/x86_64-alt-linux/12/../../../../lib64/Scrt1.o]
    arg [/usr/lib64/gcc/x86_64-alt-linux/12/../../../../lib64/crti.o] ==> obj [/usr/lib64/gcc/x86_64-alt-linux/12/../../../../lib64/crti.o]
    arg [/usr/lib64/gcc/x86_64-alt-linux/12/crtbeginS.o] ==> obj [/usr/lib64/gcc/x86_64-alt-linux/12/crtbeginS.o]
    arg [-L/usr/lib64/gcc/x86_64-alt-linux/12] ==> dir [/usr/lib64/gcc/x86_64-alt-linux/12]
    arg [-L/usr/lib64/gcc/x86_64-alt-linux/12/../../../../lib64] ==> dir [/usr/lib64/gcc/x86_64-alt-linux/12/../../../../lib64]
    arg [-L/lib/../lib64] ==> dir [/lib/../lib64]
    arg [-L/usr/lib/../lib64] ==> dir [/usr/lib/../lib64]
    arg [-L/usr/lib64/gcc/x86_64-alt-linux/12/../../..] ==> dir [/usr/lib64/gcc/x86_64-alt-linux/12/../../..]
    arg [CMakeFiles/cmTC_a88c0.dir/CMakeCCompilerABI.c.o] ==> ignore
    arg [-lgcc] ==> lib [gcc]
    arg [--push-state] ==> ignore
    arg [--as-needed] ==> ignore
    arg [-lgcc_s] ==> lib [gcc_s]
    arg [--pop-state] ==> ignore
    arg [-lc] ==> lib [c]
    arg [-lgcc] ==> lib [gcc]
    arg [--push-state] ==> ignore
    arg [--as-needed] ==> ignore
    arg [-lgcc_s] ==> lib [gcc_s]
    arg [--pop-state] ==> ignore
    arg [/usr/lib64/gcc/x86_64-alt-linux/12/crtendS.o] ==> obj [/usr/lib64/gcc/x86_64-alt-linux/12/crtendS.o]
    arg [/usr/lib64/gcc/x86_64-alt-linux/12/../../../../lib64/crtn.o] ==> obj [/usr/lib64/gcc/x86_64-alt-linux/12/../../../../lib64/crtn.o]
  collapse obj [/usr/lib64/gcc/x86_64-alt-linux/12/../../../../lib64/Scrt1.o] ==> [/usr/lib64/Scrt1.o]
  collapse obj [/usr/lib64/gcc/x86_64-alt-linux/12/../../../../lib64/crti.o] ==> [/usr/lib64/crti.o]
  collapse obj [/usr/lib64/gcc/x86_64-alt-linux/12/../../../../lib64/crtn.o] ==> [/usr/lib64/crtn.o]
  collapse library dir [/usr/lib64/gcc/x86_64-alt-linux/12] ==> [/usr/lib64/gcc/x86_64-alt-linux/12]
  collapse library dir [/usr/lib64/gcc/x86_64-alt-linux/12/../../../../lib64] ==> [/usr/lib64]
  collapse library dir [/lib/../lib64] ==> [/lib64]
  collapse library dir [/usr/lib/../lib64] ==> [/usr/lib64]
  collapse library dir [/usr/lib64/gcc/x86_64-alt-linux/12/../../..] ==> [/usr/lib64]
  implicit libs: [gcc;gcc_s;c;gcc;gcc_s]
  implicit objs: [/usr/lib64/Scrt1.o;/usr/lib64/crti.o;/usr/lib64/gcc/x86_64-alt-linux/12/crtbeginS.o;/usr/lib64/gcc/x86_64-alt-linux/12/crtendS.o;/usr/lib64/crtn.o]
  implicit dirs: [/usr/lib64/gcc/x86_64-alt-linux/12;/usr/lib64;/lib64]
  implicit fwks: []


Detecting CXX compiler ABI info compiled with the following output:
Change Dir: /home/armatik/CLionProjects/Armatik_Learning_Cplusplus/cmake-build-release/CMakeFiles/CMakeScratch/TryCompile-739vbR

Run Build Command(s):/usr/bin/gmake -f Makefile cmTC_20303/fast && /usr/bin/gmake  -f CMakeFiles/cmTC_20303.dir/build.make CMakeFiles/cmTC_20303.dir/build
gmake[1]: Entering directory '/home/armatik/CLionProjects/Armatik_Learning_Cplusplus/cmake-build-release/CMakeFiles/CMakeScratch/TryCompile-739vbR'
Building CXX object CMakeFiles/cmTC_20303.dir/CMakeCXXCompilerABI.cpp.o
/usr/bin/g++   -fdiagnostics-color=always   -v -o CMakeFiles/cmTC_20303.dir/CMakeCXXCompilerABI.cpp.o -c /home/armatik/.local/share/JetBrains/Toolbox/apps/CLion/ch-0/231.9011.31/bin/cmake/linux/x64/share/cmake-3.25/Modules/CMakeCXXCompilerABI.cpp
Using built-in specs.
COLLECT_GCC=x86_64-alt-linux-g++
Target: x86_64-alt-linux
Configured with: ../configure --host=x86_64-alt-linux --build=x86_64-alt-linux --target=x86_64-alt-linux --prefix=/usr --exec-prefix=/usr --bindir=/usr/bin --sbindir=/usr/sbin --sysconfdir=/etc --datadir=/usr/share --includedir=/usr/include --libdir=/usr/lib64 --libexecdir=/usr/libexec --localstatedir=/var/lib --sharedstatedir=/var/lib --mandir=/usr/share/man --infodir=/usr/share/info --disable-dependency-tracking --disable-silent-rules --without-included-gettext --enable-shared --program-suffix=-12 --with-slibdir=/lib64 --libexecdir=/usr/lib64 --with-bugurl=http://bugzilla.altlinux.org --enable-__cxa_atexit --enable-threads=posix --enable-checking=release --with-system-zlib --with-zstd --without-included-gettext --enable-multilib --enable-default-pie --enable-gnu-unique-object --enable-linker-build-id --with-linker-hash-style=gnu --with-arch_32=i586 --with-tune_32=generic --with-multilib-list=m64,m32,mx32 --with-gcc-major-version-only --enable-vtable-verify --enable-bootstrap --with-build-config=bootstrap-lto --enable-link-serialization=1 --enable-languages=c,c++,fortran,objc,obj-c++,ada,go,d,lto --enable-plugin
Thread model: posix
Supported LTO compression algorithms: zlib zstd
gcc version 12.2.1 20230424 (ALT Sisyphus 12.2.1-alt2) (GCC) 
COLLECT_GCC_OPTIONS='-fdiagnostics-color=always' '-v' '-o' 'CMakeFiles/cmTC_20303.dir/CMakeCXXCompilerABI.cpp.o' '-c' '-shared-libgcc' '-mtune=generic' '-march=x86-64' '-dumpdir' 'CMakeFiles/cmTC_20303.dir/'
 /usr/lib64/gcc/x86_64-alt-linux/12/cc1plus -quiet -v -D_GNU_SOURCE /home/armatik/.local/share/JetBrains/Toolbox/apps/CLion/ch-0/231.9011.31/bin/cmake/linux/x64/share/cmake-3.25/Modules/CMakeCXXCompilerABI.cpp -Werror=return-type -fstack-protector-strong -fstack-clash-protection -quiet -dumpdir CMakeFiles/cmTC_20303.dir/ -dumpbase CMakeCXXCompilerABI.cpp.cpp -dumpbase-ext .cpp -mtune=generic -march=x86-64 -version -fdiagnostics-color=always -o /tmp/.private/armatik/cc2yRR5z.s
GNU C++17 (GCC) version 12.2.1 20230424 (ALT Sisyphus 12.2.1-alt2) (x86_64-alt-linux)
	compiled by GNU C version 12.2.1 20230424 (ALT Sisyphus 12.2.1-alt2), GMP version 6.2.1, MPFR version 4.1.0, MPC version 1.2.1, isl version none
GGC heuristics: --param ggc-min-expand=100 --param ggc-min-heapsize=131072
ignoring nonexistent directory "/usr/lib64/gcc/x86_64-alt-linux/12/include-fixed"
ignoring nonexistent directory "/usr/lib64/gcc/x86_64-alt-linux/12/../../../../x86_64-alt-linux/include"
#include "..." search starts here:
#include <...> search starts here:
 /usr/lib64/gcc/x86_64-alt-linux/12/../../../../include/c++/12
 /usr/lib64/gcc/x86_64-alt-linux/12/../../../../include/c++/12/x86_64-alt-linux
 /usr/lib64/gcc/x86_64-alt-linux/12/../../../../include/c++/12/backward
 /usr/lib64/gcc/x86_64-alt-linux/12/include
 /usr/local/include
 /usr/include
End of search list.
GNU C++17 (GCC) version 12.2.1 20230424 (ALT Sisyphus 12.2.1-alt2) (x86_64-alt-linux)
	compiled by GNU C version 12.2.1 20230424 (ALT Sisyphus 12.2.1-alt2), GMP version 6.2.1, MPFR version 4.1.0, MPC version 1.2.1, isl version none
GGC heuristics: --param ggc-min-expand=100 --param ggc-min-heapsize=131072
Compiler executable checksum: 9d4a80d49304ea5f92d0b167776d8deb
COLLECT_GCC_OPTIONS='-fdiagnostics-color=always' '-v' '-o' 'CMakeFiles/cmTC_20303.dir/CMakeCXXCompilerABI.cpp.o' '-c' '-shared-libgcc' '-mtune=generic' '-march=x86-64' '-dumpdir' 'CMakeFiles/cmTC_20303.dir/'
 as -v --64 -o CMakeFiles/cmTC_20303.dir/CMakeCXXCompilerABI.cpp.o /tmp/.private/armatik/cc2yRR5z.s
GNU assembler version 2.38 (x86_64-alt-linux) using BFD version (GNU Binutils) 2.38.20220708
COMPILER_PATH=/usr/lib64/gcc/x86_64-alt-linux/12/:/usr/lib64/gcc/x86_64-alt-linux/12/:/usr/lib64/gcc/x86_64-alt-linux/:/usr/lib64/gcc/x86_64-alt-linux/12/:/usr/lib64/gcc/x86_64-alt-linux/
LIBRARY_PATH=/usr/lib64/gcc/x86_64-alt-linux/12/:/usr/lib64/gcc/x86_64-alt-linux/12/../../../../lib64/:/lib/../lib64/:/usr/lib/../lib64/:/usr/lib64/gcc/x86_64-alt-linux/12/../../../:/lib/:/usr/lib/
COLLECT_GCC_OPTIONS='-fdiagnostics-color=always' '-v' '-o' 'CMakeFiles/cmTC_20303.dir/CMakeCXXCompilerABI.cpp.o' '-c' '-shared-libgcc' '-mtune=generic' '-march=x86-64' '-dumpdir' 'CMakeFiles/cmTC_20303.dir/CMakeCXXCompilerABI.cpp.'
Linking CXX executable cmTC_20303
/home/armatik/.local/share/JetBrains/Toolbox/apps/CLion/ch-0/231.9011.31/bin/cmake/linux/x64/bin/cmake -E cmake_link_script CMakeFiles/cmTC_20303.dir/link.txt --verbose=1
/usr/bin/g++  -v CMakeFiles/cmTC_20303.dir/CMakeCXXCompilerABI.cpp.o -o cmTC_20303 
Using built-in specs.
COLLECT_GCC=x86_64-alt-linux-g++
COLLECT_LTO_WRAPPER=/usr/lib64/gcc/x86_64-alt-linux/12/lto-wrapper
Target: x86_64-alt-linux
Configured with: ../configure --host=x86_64-alt-linux --build=x86_64-alt-linux --target=x86_64-alt-linux --prefix=/usr --exec-prefix=/usr --bindir=/usr/bin --sbindir=/usr/sbin --sysconfdir=/etc --datadir=/usr/share --includedir=/usr/include --libdir=/usr/lib64 --libexecdir=/usr/libexec --localstatedir=/var/lib --sharedstatedir=/var/lib --mandir=/usr/share/man --infodir=/usr/share/info --disable-dependency-tracking --disable-silent-rules --without-included-gettext --enable-shared --program-suffix=-12 --with-slibdir=/lib64 --libexecdir=/usr/lib64 --with-bugurl=http://bugzilla.altlinux.org --enable-__cxa_atexit --enable-threads=posix --enable-checking=release --with-system-zlib --with-zstd --without-included-gettext --enable-multilib --enable-default-pie --enable-gnu-unique-object --enable-linker-build-id --with-linker-hash-style=gnu --with-arch_32=i586 --with-tune_32=generic --with-multilib-list=m64,m32,mx32 --with-gcc-major-version-only --enable-vtable-verify --enable-bootstrap --with-build-config=bootstrap-lto --enable-link-serialization=1 --enable-languages=c,c++,fortran,objc,obj-c++,ada,go,d,lto --enable-plugin
Thread model: posix
Supported LTO compression algorithms: zlib zstd
gcc version 12.2.1 20230424 (ALT Sisyphus 12.2.1-alt2) (GCC) 
COMPILER_PATH=/usr/lib64/gcc/x86_64-alt-linux/12/:/usr/lib64/gcc/x86_64-alt-linux/12/:/usr/lib64/gcc/x86_64-alt-linux/:/usr/lib64/gcc/x86_64-alt-linux/12/:/usr/lib64/gcc/x86_64-alt-linux/
LIBRARY_PATH=/usr/lib64/gcc/x86_64-alt-linux/12/:/usr/lib64/gcc/x86_64-alt-linux/12/../../../../lib64/:/lib/../lib64/:/usr/lib/../lib64/:/usr/lib64/gcc/x86_64-alt-linux/12/../../../:/lib/:/usr/lib/
COLLECT_GCC_OPTIONS='-v' '-o' 'cmTC_20303' '-shared-libgcc' '-mtune=generic' '-march=x86-64' '-dumpdir' 'cmTC_20303.'
 /usr/lib64/gcc/x86_64-alt-linux/12/collect2 -plugin /usr/lib64/gcc/x86_64-alt-linux/12/liblto_plugin.so -plugin-opt=/usr/lib64/gcc/x86_64-alt-linux/12/lto-wrapper -plugin-opt=-fresolution=/tmp/.private/armatik/ccvXDTH5.res -plugin-opt=-pass-through=-lgcc_s -plugin-opt=-pass-through=-lgcc -plugin-opt=-pass-through=-lc -plugin-opt=-pass-through=-lgcc_s -plugin-opt=-pass-through=-lgcc --build-id --no-add-needed --eh-frame-hdr --hash-style=gnu --as-needed -m elf_x86_64 -dynamic-linker /lib64/ld-linux-x86-64.so.2 -pie -z now -o cmTC_20303 /usr/lib64/gcc/x86_64-alt-linux/12/../../../../lib64/Scrt1.o /usr/lib64/gcc/x86_64-alt-linux/12/../../../../lib64/crti.o /usr/lib64/gcc/x86_64-alt-linux/12/crtbeginS.o -L/usr/lib64/gcc/x86_64-alt-linux/12 -L/usr/lib64/gcc/x86_64-alt-linux/12/../../../../lib64 -L/lib/../lib64 -L/usr/lib/../lib64 -L/usr/lib64/gcc/x86_64-alt-linux/12/../../.. CMakeFiles/cmTC_20303.dir/CMakeCXXCompilerABI.cpp.o -lstdc++ -lm -lgcc_s -lgcc -lc -lgcc_s -lgcc /usr/lib64/gcc/x86_64-alt-linux/12/crtendS.o /usr/lib64/gcc/x86_64-alt-linux/12/../../../../lib64/crtn.o
COLLECT_GCC_OPTIONS='-v' '-o' 'cmTC_20303' '-shared-libgcc' '-mtune=generic' '-march=x86-64' '-dumpdir' 'cmTC_20303.'
gmake[1]: Leaving directory '/home/armatik/CLionProjects/Armatik_Learning_Cplusplus/cmake-build-release/CMakeFiles/CMakeScratch/TryCompile-739vbR'



Parsed CXX implicit include dir info from above output: rv=done
  found start of include info
  found start of implicit include info
    add: [/usr/lib64/gcc/x86_64-alt-linux/12/../../../../include/c++/12]
    add: [/usr/lib64/gcc/x86_64-alt-linux/12/../../../../include/c++/12/x86_64-alt-linux]
    add: [/usr/lib64/gcc/x86_64-alt-linux/12/../../../../include/c++/12/backward]
    add: [/usr/lib64/gcc/x86_64-alt-linux/12/include]
    add: [/usr/local/include]
    add: [/usr/include]
  end of search list found
  collapse include dir [/usr/lib64/gcc/x86_64-alt-linux/12/../../../../include/c++/12] ==> [/usr/include/c++/12]
  collapse include dir [/usr/lib64/gcc/x86_64-alt-linux/12/../../../../include/c++/12/x86_64-alt-linux] ==> [/usr/include/c++/12/x86_64-alt-linux]
  collapse include dir [/usr/lib64/gcc/x86_64-alt-linux/12/../../../../include/c++/12/backward] ==> [/usr/include/c++/12/backward]
  collapse include dir [/usr/lib64/gcc/x86_64-alt-linux/12/include] ==> [/usr/lib64/gcc/x86_64-alt-linux/12/include]
  collapse include dir [/usr/local/include] ==> [/usr/local/include]
  collapse include dir [/usr/include] ==> [/usr/include]
  implicit include dirs: [/usr/include/c++/12;/usr/include/c++/12/x86_64-alt-linux;/usr/include/c++/12/backward;/usr/lib64/gcc/x86_64-alt-linux/12/include;/usr/local/include;/usr/include]


Parsed CXX implicit link information from above output:
  link line regex: [^( *|.*[/\])(ld|CMAKE_LINK_STARTFILE-NOTFOUND|([^/\]+-)?ld|collect2)[^/\]*( |$)]
  ignore line: [Change Dir: /home/armatik/CLionProjects/Armatik_Learning_Cplusplus/cmake-build-release/CMakeFiles/CMakeScratch/TryCompile-739vbR]
  ignore line: []
  ignore line: [Run Build Command(s):/usr/bin/gmake -f Makefile cmTC_20303/fast && /usr/bin/gmake  -f CMakeFiles/cmTC_20303.dir/build.make CMakeFiles/cmTC_20303.dir/build]
  ignore line: [gmake[1]: Entering directory '/home/armatik/CLionProjects/Armatik_Learning_Cplusplus/cmake-build-release/CMakeFiles/CMakeScratch/TryCompile-739vbR']
  ignore line: [Building CXX object CMakeFiles/cmTC_20303.dir/CMakeCXXCompilerABI.cpp.o]
  ignore line: [/usr/bin/g++   -fdiagnostics-color=always   -v -o CMakeFiles/cmTC_20303.dir/CMakeCXXCompilerABI.cpp.o -c /home/armatik/.local/share/JetBrains/Toolbox/apps/CLion/ch-0/231.9011.31/bin/cmake/linux/x64/share/cmake-3.25/Modules/CMakeCXXCompilerABI.cpp]
  ignore line: [Using built-in specs.]
  ignore line: [COLLECT_GCC=x86_64-alt-linux-g++]
  ignore line: [Target: x86_64-alt-linux]
  ignore line: [Configured with: ../configure --host=x86_64-alt-linux --build=x86_64-alt-linux --target=x86_64-alt-linux --prefix=/usr --exec-prefix=/usr --bindir=/usr/bin --sbindir=/usr/sbin --sysconfdir=/etc --datadir=/usr/share --includedir=/usr/include --libdir=/usr/lib64 --libexecdir=/usr/libexec --localstatedir=/var/lib --sharedstatedir=/var/lib --mandir=/usr/share/man --infodir=/usr/share/info --disable-dependency-tracking --disable-silent-rules --without-included-gettext --enable-shared --program-suffix=-12 --with-slibdir=/lib64 --libexecdir=/usr/lib64 --with-bugurl=http://bugzilla.altlinux.org --enable-__cxa_atexit --enable-threads=posix --enable-checking=release --with-system-zlib --with-zstd --without-included-gettext --enable-multilib --enable-default-pie --enable-gnu-unique-object --enable-linker-build-id --with-linker-hash-style=gnu --with-arch_32=i586 --with-tune_32=generic --with-multilib-list=m64 m32 mx32 --with-gcc-major-version-only --enable-vtable-verify --enable-bootstrap --with-build-config=bootstrap-lto --enable-link-serialization=1 --enable-languages=c c++ fortran objc obj-c++ ada go d lto --enable-plugin]
  ignore line: [Thread model: posix]
  ignore line: [Supported LTO compression algorithms: zlib zstd]
  ignore line: [gcc version 12.2.1 20230424 (ALT Sisyphus 12.2.1-alt2) (GCC) ]
  ignore line: [COLLECT_GCC_OPTIONS='-fdiagnostics-color=always' '-v' '-o' 'CMakeFiles/cmTC_20303.dir/CMakeCXXCompilerABI.cpp.o' '-c' '-shared-libgcc' '-mtune=generic' '-march=x86-64' '-dumpdir' 'CMakeFiles/cmTC_20303.dir/']
  ignore line: [ /usr/lib64/gcc/x86_64-alt-linux/12/cc1plus -quiet -v -D_GNU_SOURCE /home/armatik/.local/share/JetBrains/Toolbox/apps/CLion/ch-0/231.9011.31/bin/cmake/linux/x64/share/cmake-3.25/Modules/CMakeCXXCompilerABI.cpp -Werror=return-type -fstack-protector-strong -fstack-clash-protection -quiet -dumpdir CMakeFiles/cmTC_20303.dir/ -dumpbase CMakeCXXCompilerABI.cpp.cpp -dumpbase-ext .cpp -mtune=generic -march=x86-64 -version -fdiagnostics-color=always -o /tmp/.private/armatik/cc2yRR5z.s]
  ignore line: [GNU C++17 (GCC) version 12.2.1 20230424 (ALT Sisyphus 12.2.1-alt2) (x86_64-alt-linux)]
  ignore line: [	compiled by GNU C version 12.2.1 20230424 (ALT Sisyphus 12.2.1-alt2)  GMP version 6.2.1  MPFR version 4.1.0  MPC version 1.2.1  isl version none]
  ignore line: [GGC heuristics: --param ggc-min-expand=100 --param ggc-min-heapsize=131072]
  ignore line: [ignoring nonexistent directory "/usr/lib64/gcc/x86_64-alt-linux/12/include-fixed"]
  ignore line: [ignoring nonexistent directory "/usr/lib64/gcc/x86_64-alt-linux/12/../../../../x86_64-alt-linux/include"]
  ignore line: [#include "..." search starts here:]
  ignore line: [#include <...> search starts here:]
  ignore line: [ /usr/lib64/gcc/x86_64-alt-linux/12/../../../../include/c++/12]
  ignore line: [ /usr/lib64/gcc/x86_64-alt-linux/12/../../../../include/c++/12/x86_64-alt-linux]
  ignore line: [ /usr/lib64/gcc/x86_64-alt-linux/12/../../../../include/c++/12/backward]
  ignore line: [ /usr/lib64/gcc/x86_64-alt-linux/12/include]
  ignore line: [ /usr/local/include]
  ignore line: [ /usr/include]
  ignore line: [End of search list.]
  ignore line: [GNU C++17 (GCC) version 12.2.1 20230424 (ALT Sisyphus 12.2.1-alt2) (x86_64-alt-linux)]
  ignore line: [	compiled by GNU C version 12.2.1 20230424 (ALT Sisyphus 12.2.1-alt2)  GMP version 6.2.1  MPFR version 4.1.0  MPC version 1.2.1  isl version none]
  ignore line: [GGC heuristics: --param ggc-min-expand=100 --param ggc-min-heapsize=131072]
  ignore line: [Compiler executable checksum: 9d4a80d49304ea5f92d0b167776d8deb]
  ignore line: [COLLECT_GCC_OPTIONS='-fdiagnostics-color=always' '-v' '-o' 'CMakeFiles/cmTC_20303.dir/CMakeCXXCompilerABI.cpp.o' '-c' '-shared-libgcc' '-mtune=generic' '-march=x86-64' '-dumpdir' 'CMakeFiles/cmTC_20303.dir/']
  ignore line: [ as -v --64 -o CMakeFiles/cmTC_20303.dir/CMakeCXXCompilerABI.cpp.o /tmp/.private/armatik/cc2yRR5z.s]
  ignore line: [GNU assembler version 2.38 (x86_64-alt-linux) using BFD version (GNU Binutils) 2.38.20220708]
  ignore line: [COMPILER_PATH=/usr/lib64/gcc/x86_64-alt-linux/12/:/usr/lib64/gcc/x86_64-alt-linux/12/:/usr/lib64/gcc/x86_64-alt-linux/:/usr/lib64/gcc/x86_64-alt-linux/12/:/usr/lib64/gcc/x86_64-alt-linux/]
  ignore line: [LIBRARY_PATH=/usr/lib64/gcc/x86_64-alt-linux/12/:/usr/lib64/gcc/x86_64-alt-linux/12/../../../../lib64/:/lib/../lib64/:/usr/lib/../lib64/:/usr/lib64/gcc/x86_64-alt-linux/12/../../../:/lib/:/usr/lib/]
  ignore line: [COLLECT_GCC_OPTIONS='-fdiagnostics-color=always' '-v' '-o' 'CMakeFiles/cmTC_20303.dir/CMakeCXXCompilerABI.cpp.o' '-c' '-shared-libgcc' '-mtune=generic' '-march=x86-64' '-dumpdir' 'CMakeFiles/cmTC_20303.dir/CMakeCXXCompilerABI.cpp.']
  ignore line: [Linking CXX executable cmTC_20303]
  ignore line: [/home/armatik/.local/share/JetBrains/Toolbox/apps/CLion/ch-0/231.9011.31/bin/cmake/linux/x64/bin/cmake -E cmake_link_script CMakeFiles/cmTC_20303.dir/link.txt --verbose=1]
  ignore line: [/usr/bin/g++  -v CMakeFiles/cmTC_20303.dir/CMakeCXXCompilerABI.cpp.o -o cmTC_20303 ]
  ignore line: [Using built-in specs.]
  ignore line: [COLLECT_GCC=x86_64-alt-linux-g++]
  ignore line: [COLLECT_LTO_WRAPPER=/usr/lib64/gcc/x86_64-alt-linux/12/lto-wrapper]
  ignore line: [Target: x86_64-alt-linux]
  ignore line: [Configured with: ../configure --host=x86_64-alt-linux --build=x86_64-alt-linux --target=x86_64-alt-linux --prefix=/usr --exec-prefix=/usr --bindir=/usr/bin --sbindir=/usr/sbin --sysconfdir=/etc --datadir=/usr/share --includedir=/usr/include --libdir=/usr/lib64 --libexecdir=/usr/libexec --localstatedir=/var/lib --sharedstatedir=/var/lib --mandir=/usr/share/man --infodir=/usr/share/info --disable-dependency-tracking --disable-silent-rules --without-included-gettext --enable-shared --program-suffix=-12 --with-slibdir=/lib64 --libexecdir=/usr/lib64 --with-bugurl=http://bugzilla.altlinux.org --enable-__cxa_atexit --enable-threads=posix --enable-checking=release --with-system-zlib --with-zstd --without-included-gettext --enable-multilib --enable-default-pie --enable-gnu-unique-object --enable-linker-build-id --with-linker-hash-style=gnu --with-arch_32=i586 --with-tune_32=generic --with-multilib-list=m64 m32 mx32 --with-gcc-major-version-only --enable-vtable-verify --enable-bootstrap --with-build-config=bootstrap-lto --enable-link-serialization=1 --enable-languages=c c++ fortran objc obj-c++ ada go d lto --enable-plugin]
  ignore line: [Thread model: posix]
  ignore line: [Supported LTO compression algorithms: zlib zstd]
  ignore line: [gcc version 12.2.1 20230424 (ALT Sisyphus 12.2.1-alt2) (GCC) ]
  ignore line: [COMPILER_PATH=/usr/lib64/gcc/x86_64-alt-linux/12/:/usr/lib64/gcc/x86_64-alt-linux/12/:/usr/lib64/gcc/x86_64-alt-linux/:/usr/lib64/gcc/x86_64-alt-linux/12/:/usr/lib64/gcc/x86_64-alt-linux/]
  ignore line: [LIBRARY_PATH=/usr/lib64/gcc/x86_64-alt-linux/12/:/usr/lib64/gcc/x86_64-alt-linux/12/../../../../lib64/:/lib/../lib64/:/usr/lib/../lib64/:/usr/lib64/gcc/x86_64-alt-linux/12/../../../:/lib/:/usr/lib/]
  ignore line: [COLLECT_GCC_OPTIONS='-v' '-o' 'cmTC_20303' '-shared-libgcc' '-mtune=generic' '-march=x86-64' '-dumpdir' 'cmTC_20303.']
  link line: [ /usr/lib64/gcc/x86_64-alt-linux/12/collect2 -plugin /usr/lib64/gcc/x86_64-alt-linux/12/liblto_plugin.so -plugin-opt=/usr/lib64/gcc/x86_64-alt-linux/12/lto-wrapper -plugin-opt=-fresolution=/tmp/.private/armatik/ccvXDTH5.res -plugin-opt=-pass-through=-lgcc_s -plugin-opt=-pass-through=-lgcc -plugin-opt=-pass-through=-lc -plugin-opt=-pass-through=-lgcc_s -plugin-opt=-pass-through=-lgcc --build-id --no-add-needed --eh-frame-hdr --hash-style=gnu --as-needed -m elf_x86_64 -dynamic-linker /lib64/ld-linux-x86-64.so.2 -pie -z now -o cmTC_20303 /usr/lib64/gcc/x86_64-alt-linux/12/../../../../lib64/Scrt1.o /usr/lib64/gcc/x86_64-alt-linux/12/../../../../lib64/crti.o /usr/lib64/gcc/x86_64-alt-linux/12/crtbeginS.o -L/usr/lib64/gcc/x86_64-alt-linux/12 -L/usr/lib64/gcc/x86_64-alt-linux/12/../../../../lib64 -L/lib/../lib64 -L/usr/lib/../lib64 -L/usr/lib64/gcc/x86_64-alt-linux/12/../../.. CMakeFiles/cmTC_20303.dir/CMakeCXXCompilerABI.cpp.o -lstdc++ -lm -lgcc_s -lgcc -lc -lgcc_s -lgcc /usr/lib64/gcc/x86_64-alt-linux/12/crtendS.o /usr/lib64/gcc/x86_64-alt-linux/12/../../../../lib64/crtn.o]
    arg [/usr/lib64/gcc/x86_64-alt-linux/12/collect2] ==> ignore
    arg [-plugin] ==> ignore
    arg [/usr/lib64/gcc/x86_64-alt-linux/12/liblto_plugin.so] ==> ignore
    arg [-plugin-opt=/usr/lib64/gcc/x86_64-alt-linux/12/lto-wrapper] ==> ignore
    arg [-plugin-opt=-fresolution=/tmp/.private/armatik/ccvXDTH5.res] ==> ignore
    arg [-plugin-opt=-pass-through=-lgcc_s] ==> ignore
    arg [-plugin-opt=-pass-through=-lgcc] ==> ignore
    arg [-plugin-opt=-pass-through=-lc] ==> ignore
    arg [-plugin-opt=-pass-through=-lgcc_s] ==> ignore
    arg [-plugin-opt=-pass-through=-lgcc] ==> ignore
    arg [--build-id] ==> ignore
    arg [--no-add-needed] ==> ignore
    arg [--eh-frame-hdr] ==> ignore
    arg [--hash-style=gnu] ==> ignore
    arg [--as-needed] ==> ignore
    arg [-m] ==> ignore
    arg [elf_x86_64] ==> ignore
    arg [-dynamic-linker] ==> ignore
    arg [/lib64/ld-linux-x86-64.so.2] ==> ignore
    arg [-pie] ==> ignore
    arg [-znow] ==> ignore
    arg [-o] ==> ignore
    arg [cmTC_20303] ==> ignore
    arg [/usr/lib64/gcc/x86_64-alt-linux/12/../../../../lib64/Scrt1.o] ==> obj [/usr/lib64/gcc/x86_64-alt-linux/12/../../../../lib64/Scrt1.o]
    arg [/usr/lib64/gcc/x86_64-alt-linux/12/../../../../lib64/crti.o] ==> obj [/usr/lib64/gcc/x86_64-alt-linux/12/../../../../lib64/crti.o]
    arg [/usr/lib64/gcc/x86_64-alt-linux/12/crtbeginS.o] ==> obj [/usr/lib64/gcc/x86_64-alt-linux/12/crtbeginS.o]
    arg [-L/usr/lib64/gcc/x86_64-alt-linux/12] ==> dir [/usr/lib64/gcc/x86_64-alt-linux/12]
    arg [-L/usr/lib64/gcc/x86_64-alt-linux/12/../../../../lib64] ==> dir [/usr/lib64/gcc/x86_64-alt-linux/12/../../../../lib64]
    arg [-L/lib/../lib64] ==> dir [/lib/../lib64]
    arg [-L/usr/lib/../lib64] ==> dir [/usr/lib/../lib64]
    arg [-L/usr/lib64/gcc/x86_64-alt-linux/12/../../..] ==> dir [/usr/lib64/gcc/x86_64-alt-linux/12/../../..]
    arg [CMakeFiles/cmTC_20303.dir/CMakeCXXCompilerABI.cpp.o] ==> ignore
    arg [-lstdc++] ==> lib [stdc++]
    arg [-lm] ==> lib [m]
    arg [-lgcc_s] ==> lib [gcc_s]
    arg [-lgcc] ==> lib [gcc]
    arg [-lc] ==> lib [c]
    arg [-lgcc_s] ==> lib [gcc_s]
    arg [-lgcc] ==> lib [gcc]
    arg [/usr/lib64/gcc/x86_64-alt-linux/12/crtendS.o] ==> obj [/usr/lib64/gcc/x86_64-alt-linux/12/crtendS.o]
    arg [/usr/lib64/gcc/x86_64-alt-linux/12/../../../../lib64/crtn.o] ==> obj [/usr/lib64/gcc/x86_64-alt-linux/12/../../../../lib64/crtn.o]
  collapse obj [/usr/lib64/gcc/x86_64-alt-linux/12/../../../../lib64/Scrt1.o] ==> [/usr/lib64/Scrt1.o]
  collapse obj [/usr/lib64/gcc/x86_64-alt-linux/12/../../../../lib64/crti.o] ==> [/usr/lib64/crti.o]
  collapse obj [/usr/lib64/gcc/x86_64-alt-linux/12/../../../../lib64/crtn.o] ==> [/usr/lib64/crtn.o]
  collapse library dir [/usr/lib64/gcc/x86_64-alt-linux/12] ==> [/usr/lib64/gcc/x86_64-alt-linux/12]
  collapse library dir [/usr/lib64/gcc/x86_64-alt-linux/12/../../../../lib64] ==> [/usr/lib64]
  collapse library dir [/lib/../lib64] ==> [/lib64]
  collapse library dir [/usr/lib/../lib64] ==> [/usr/lib64]
  collapse library dir [/usr/lib64/gcc/x86_64-alt-linux/12/../../..] ==> [/usr/lib64]
  implicit libs: [stdc++;m;gcc_s;gcc;c;gcc_s;gcc]
  implicit objs: [/usr/lib64/Scrt1.o;/usr/lib64/crti.o;/usr/lib64/gcc/x86_64-alt-linux/12/crtbeginS.o;/usr/lib64/gcc/x86_64-alt-linux/12/crtendS.o;/usr/lib64/crtn.o]
  implicit dirs: [/usr/lib64/gcc/x86_64-alt-linux/12;/usr/lib64;/lib64]
  implicit fwks: []


